<?xml version="1.0" encoding="UTF-8" ?>
<testsuite tests="1" failures="1" name="TestSuite" time="0.482" errors="0" skipped="0">
  <properties>
[...]
</properties>
  <testcase classname="scenarios.AppiumTest" name="falseLoginTest" time="0.482">
    <failure message="Method is not implemented
Build info: version: &apos;3.141.59&apos;, revision: &apos;e82be7d358&apos;, time: &apos;2018-11-14T08:17:03&apos;
System info: host: &apos;OnSolves-Mac-mini.local&apos;, ip: &apos;10.22.197.232&apos;, os.name: &apos;Mac OS X&apos;, os.arch: &apos;x86_64&apos;, os.version: &apos;10.14.5&apos;, java.version: &apos;1.8.0_211&apos;
Driver info: io.appium.java_client.ios.IOSDriver
Capabilities {app: /Users/onsolvevn/Documents/..., appiumVersion: 1.16, autoAcceptAlerts: true, browserName: , databaseEnabled: false, deviceName: iPhone X, deviceOrientation: portrait, javascriptEnabled: true, locationContextEnabled: false, networkConnectionEnabled: false, noReset: true, platform: MAC, platformName: iOS, platformVersion: 13.3, takesScreenshot: true, udid: 380FC770-0F0A-47F6-9E98-EF2..., webStorageEnabled: false}
Session ID: b0b4b01f-4880-4c28-ac08-f01799e887ee" type="org.openqa.selenium.UnsupportedCommandException">org.openqa.selenium.UnsupportedCommandException: Method is not implemented
Build info: version: &apos;3.141.59&apos;, revision: &apos;e82be7d358&apos;, time: &apos;2018-11-14T08:17:03&apos;
System info: host: &apos;OnSolves-Mac-mini.local&apos;, ip: &apos;10.22.197.232&apos;, os.name: &apos;Mac OS X&apos;, os.arch: &apos;x86_64&apos;, os.version: &apos;10.14.5&apos;, java.version: &apos;1.8.0_211&apos;
Driver info: io.appium.java_client.ios.IOSDriver
Capabilities {app: /Users/onsolvevn/Documents/..., appiumVersion: 1.16, autoAcceptAlerts: true, browserName: , databaseEnabled: false, deviceName: iPhone X, deviceOrientation: portrait, javascriptEnabled: true, locationContextEnabled: false, networkConnectionEnabled: false, noReset: true, platform: MAC, platformName: iOS, platformVersion: 13.3, takesScreenshot: true, udid: 380FC770-0F0A-47F6-9E98-EF2..., webStorageEnabled: false}
Session ID: b0b4b01f-4880-4c28-ac08-f01799e887ee
	at sun.reflect.NativeConstructorAccessorImpl.newInstance0(Native Method)
	at sun.reflect.NativeConstructorAccessorImpl.newInstance(NativeConstructorAccessorImpl.java:62)
	at sun.reflect.DelegatingConstructorAccessorImpl.newInstance(DelegatingConstructorAccessorImpl.java:45)
	at java.lang.reflect.Constructor.newInstance(Constructor.java:423)
	at org.openqa.selenium.remote.http.W3CHttpResponseCodec.createException(W3CHttpResponseCodec.java:187)
	at org.openqa.selenium.remote.http.W3CHttpResponseCodec.decode(W3CHttpResponseCodec.java:122)
	at org.openqa.selenium.remote.http.W3CHttpResponseCodec.decode(W3CHttpResponseCodec.java:49)
	at org.openqa.selenium.remote.HttpCommandExecutor.execute(HttpCommandExecutor.java:158)
	at io.appium.java_client.remote.AppiumCommandExecutor.execute(AppiumCommandExecutor.java:239)
	at org.openqa.selenium.remote.RemoteWebDriver.execute(RemoteWebDriver.java:552)
	at io.appium.java_client.DefaultGenericMobileDriver.execute(DefaultGenericMobileDriver.java:45)
	at io.appium.java_client.AppiumDriver.execute(AppiumDriver.java:1)
	at io.appium.java_client.ios.IOSDriver.execute(IOSDriver.java:1)
	at org.openqa.selenium.remote.RemoteWebDriver.getCurrentUrl(RemoteWebDriver.java:287)
	at io.percy.selenium.Percy.snapshot(Percy.java:165)
	at io.percy.selenium.Percy.snapshot(Percy.java:99)
	at scenarios.AppiumTest.falseLoginTest(AppiumTest.java:17)
</failure>
    <system-out>Configuring TestNG with: org.apache.maven.surefire.testng.conf.TestNG652Configurator@3ecf72fd
i appear 3 times
[percy] Something went wrong attempting to take a snapshot: Method is not implemented
Build info: version: &apos;3.141.59&apos;, revision: &apos;e82be7d358&apos;, time: &apos;2018-11-14T08:17:03&apos;
System info: host: &apos;OnSolves-Mac-mini.local&apos;, ip: &apos;10.22.197.232&apos;, os.name: &apos;Mac OS X&apos;, os.arch: &apos;x86_64&apos;, os.version: &apos;10.14.5&apos;, java.version: &apos;1.8.0_211&apos;
Driver info: io.appium.java_client.ios.IOSDriver
Capabilities {app: /Users/onsolvevn/Documents/..., appiumVersion: 1.16, autoAcceptAlerts: true, browserName: , databaseEnabled: false, deviceName: iPhone X, deviceOrientation: portrait, javascriptEnabled: true, locationContextEnabled: false, networkConnectionEnabled: false, noReset: true, platform: MAC, platformName: iOS, platformVersion: 13.3, takesScreenshot: true, udid: 380FC770-0F0A-47F6-9E98-EF2..., webStorageEnabled: false}
Session ID: b0b4b01f-4880-4c28-ac08-f01799e887ee
</system-out>
    <system-err>Jun 25, 2020 11:47:27 AM io.appium.java_client.remote.AppiumCommandExecutor$1 lambda$0
INFO: Detected dialect: W3C
SLF4J: Failed to load class &quot;org.slf4j.impl.StaticLoggerBinder&quot;.
SLF4J: Defaulting to no-operation (NOP) logger implementation
SLF4J: See http://www.slf4j.org/codes.html#StaticLoggerBinder for further details.
</system-err>
  </testcase>
</testsuite>